  ℹ️  .blend 캐릭터 — Blender 로 직접 열어 렌더.
================================================================
  액터       : ./game-assets/mob/dreyer.blend  (형식 .blend, kind=mob, name=dreyer)
  애니 폴더  : /Users/thruthesky/apps/game_assets/game-assets/animations/default  (idle, walk, attack, hit, death)
  산출 방식  : packed atlas (TexturePacker)
  출력 폴더  : flutter/assets/mob/dreyer/dreyer.png  + .atlas
  셰이딩     : eevee  (PBR 3점 조명)
  색상 강도  : vivid=5/9  (대비+밝기 부스트, 5=중간)
  컬러 압축  : 256색 양자화(~80%↓, 육안 동일)
  cell 크기  : 128px   렌더 256px
  행동/셀 수 : idle=8   walk=12   attack=16   hit=8   death=8
================================================================

[1] Blender 렌더 중 …
   CHAR armature='Armature' meshes=['Dreyar', 'hammer'] bones=67 embedded_anims=1
   HIPS bone='mixamorig:Hips' (root motion 추적)
   ANIM idle 직접적용(본 65개 일치)
   ANIM idle frames=(1,61)
   ANIM walk 직접적용(본 65개 일치)
   ANIM walk frames=(1,42)
   ANIM attack 직접적용(본 65개 일치)
   ANIM attack frames=(1,39)
   ANIM hit 직접적용(본 65개 일치)
   ANIM hit frames=(1,37)
   ANIM death 직접적용(본 65개 일치)
   ANIM death frames=(1,73)
   INFO 캐릭터 서있음(보정 불필요)
   FRAMING mode=body-only(무기 1개 제외) margin x1.3 scale(전역)x1.0 ortho_base=21.130 body_h=16.25 body_w=7.65
   COLOR level=5 exposure=0.450 gamma=0.875
   MEASURE body_ratio=0.6206 foot_anchor=0.8971 head='mixamorig:Head' feet=6
   ASCALE attack scale=0.8 → ortho=26.412 (모델 작게 · 화면 보정 권장 ×1.250 → dart config)
   FOOTMASK saved → /Users/thruthesky/apps/game_assets/outputs/dreyer/frames/_foot
   RENDER_DONE frames=832

[2] TexturePacker 로 packed atlas 만드는 중 …
  Java       : /Applications/Android Studio.app/Contents/jbr/Contents/Home/bin/java
  ✓ 낱장 발 정렬(0.85) — aligned 832 (foot_frac=0.85, 마스크 기준=832, bbox 폴백=0)
  설정: rotation=False pot=False maxPage=8192x2048 scale=0.5 fast=True
  ✓ packed atlas → flutter/assets/mob/dreyer/dreyer.atlas
  ✓ .atlas 액션 scale 메타 주입: idle=1, walk=1, attack=0.8, hit=1, death=1
  [3] 페이지 PNG 압축 중 … (q256 · in-place)
     ⚠️ 압축 실패(dreyer.png) — 원본 유지:
       python3: can't open file '/Users/thruthesky/apps/game_assets/scripts/compress_image.py': [Errno 2] No such file or directory

     dreyer.png  7.5MB → 7.5MB  (0% 작아짐)
     page: flutter/assets/mob/dreyer/dreyer.png  (7.5MB)

[pubspec] --output 지정 → 루트 pubspec.yaml 자동 갱신 건너뜀. 결과: flutter/assets/mob/dreyer/  (필요 시 대상 앱에 수동 등록)

완료.
