Resolving dependencies...
Downloading packages...
  matcher 0.12.19 (0.12.20 available)
  meta 1.18.0 (1.18.3 available)
  test_api 0.7.11 (0.7.13 available)
  vector_math 2.2.0 (2.4.0 available)
Got dependencies!
4 packages have newer versions incompatible with dependency constraints.
Try `flutter pub outdated` for more information.
Launching lib/main.dart on macOS in debug mode...
Building macOS application...                                   
warning: Run script build phase 'Run Script' will be run during every build because it does not specify any outputs. To address this issue, either add output dependencies to the script phase, or configure it to run in every build by unchecking "Based on dependency analysis" in the script phase. (in target 'Flutter Assemble' from project 'Runner')
✓ Built build/macos/Build/Products/Debug/laryen_actor_viewer.app
2026-07-07 12:50:44.289 laryen_actor_viewer[8163:13235510] Running with merged UI and platform thread. Experimental.
Failed to foreground app; open returned 1
Syncing files to device macOS...                                   177ms

Flutter run key commands.
r Hot reload. 🔥🔥🔥
R Hot restart.
h List all available interactive commands.
d Detach (terminate "flutter run" but leave application running).
c Clear the screen
q Quit (terminate the application on the device).

A Dart VM Service on macOS is available at: http://127.0.0.1:56732/8gznYTobFzw=/
The Flutter DevTools debugger and profiler on macOS is available at: http://127.0.0.1:56732/8gznYTobFzw=/devtools/?uri=ws://127.0.0.1:56732/8gznYTobFzw=/ws
Application finished.
